<?xml version="1.0" encoding="UTF-8"?>
<!-- Generated by org.testng.reporters.JUnitXMLReporter -->
<testsuite ignored="0" hostname="Rakesh" failures="0" tests="2" name="Default test" time="51.599" errors="0" timestamp="2025-03-31T16:52:00 IST">
  <testcase classname="org.RakiGowda.AppiumFramework.Commerce_tests_form" name="toast_error" time="5.85"/>
  <testcase classname="org.RakiGowda.AppiumFramework.Commerce_tests_form" name="fillForm_positiveFlow" time="36.928"/>
</testsuite> <!-- Default test -->
