<?xml version="1.0" encoding="UTF-8"?>
<testng-results ignored="0" total="1" passed="1" failed="0" skipped="0">
  <reporter-output>
  </reporter-output>
  <suite started-at="2025-03-08T18:57:41 IST" name="Default suite" finished-at="2025-03-08T18:57:58 IST" duration-ms="17060">
    <groups>
    </groups>
    <test started-at="2025-03-08T18:57:41 IST" name="Default test" finished-at="2025-03-08T18:57:58 IST" duration-ms="17060">
      <class name="MobileAutomation.Appium.AppiumBasics">
        <test-method is-config="true" signature="Start()[pri:0, instance:MobileAutomation.Appium.AppiumBasics@4afcd809]" started-at="2025-03-08T18:57:41 IST" name="Start" finished-at="2025-03-08T18:57:49 IST" duration-ms="8666" status="PASS">
          <reporter-output>
          </reporter-output>
        </test-method> <!-- Start -->
        <test-method signature="WifiSettingname()[pri:0, instance:MobileAutomation.Appium.AppiumBasics@4afcd809]" started-at="2025-03-08T18:57:49 IST" name="WifiSettingname" finished-at="2025-03-08T18:57:57 IST" duration-ms="7950" status="PASS">
          <reporter-output>
          </reporter-output>
        </test-method> <!-- WifiSettingname -->
        <test-method is-config="true" signature="stop()[pri:0, instance:MobileAutomation.Appium.AppiumBasics@4afcd809]" started-at="2025-03-08T18:57:57 IST" name="stop" finished-at="2025-03-08T18:57:58 IST" duration-ms="394" status="PASS">
          <reporter-output>
          </reporter-output>
        </test-method> <!-- stop -->
      </class> <!-- MobileAutomation.Appium.AppiumBasics -->
    </test> <!-- Default test -->
  </suite> <!-- Default suite -->
</testng-results>
