<?xml version="1.0" encoding="UTF-8"?>
<testng-results ignored="0" total="1" passed="1" failed="0" skipped="0">
  <reporter-output>
  </reporter-output>
  <suite started-at="2025-03-12T11:50:24 IST" name="Default suite" finished-at="2025-03-12T11:50:47 IST" duration-ms="22542">
    <groups>
    </groups>
    <test started-at="2025-03-12T11:50:24 IST" name="Default test" finished-at="2025-03-12T11:50:47 IST" duration-ms="22542">
      <class name="MobileAutomation.Appium.AppPackage_and_AppActivity">
        <test-method is-config="true" signature="Start()[pri:0, instance:MobileAutomation.Appium.AppPackage_and_AppActivity@292b08d6]" started-at="2025-03-12T11:50:24 IST" name="Start" finished-at="2025-03-12T11:50:34 IST" duration-ms="10217" status="PASS">
          <reporter-output>
          </reporter-output>
        </test-method> <!-- Start -->
        <test-method signature="WifiSettingname()[pri:0, instance:MobileAutomation.Appium.AppPackage_and_AppActivity@292b08d6]" started-at="2025-03-12T11:50:34 IST" name="WifiSettingname" finished-at="2025-03-12T11:50:46 IST" duration-ms="11822" status="PASS">
          <reporter-output>
          </reporter-output>
        </test-method> <!-- WifiSettingname -->
        <test-method is-config="true" signature="stop()[pri:0, instance:MobileAutomation.Appium.AppPackage_and_AppActivity@292b08d6]" started-at="2025-03-12T11:50:46 IST" name="stop" finished-at="2025-03-12T11:50:47 IST" duration-ms="459" status="PASS">
          <reporter-output>
          </reporter-output>
        </test-method> <!-- stop -->
      </class> <!-- MobileAutomation.Appium.AppPackage_and_AppActivity -->
    </test> <!-- Default test -->
  </suite> <!-- Default suite -->
</testng-results>
