<?xml version="1.0" encoding="UTF-8"?>
<!-- Generated by org.testng.reporters.JUnitReportReporter -->
<testsuite hostname="Rakesh" failures="0" tests="2" name="org.RakiGowda.AppiumFramework.Commerce_tests_form" time="42.778" errors="0" timestamp="2025-03-31T16:52:01 IST" skipped="0">
  <testcase classname="org.RakiGowda.AppiumFramework.Commerce_tests_form" name="toast_error" time="5.850"/>
  <testcase classname="org.RakiGowda.AppiumFramework.Commerce_tests_form" name="fillForm_positiveFlow" time="36.928"/>
</testsuite> <!-- org.RakiGowda.AppiumFramework.Commerce_tests_form -->
